2020-03-30 10:11:39|   0.1|  0.1|INFORM|FME 2020.0.0.0 (20200309 - Build 20200 - WIN64)
2020-03-30 10:11:39|   0.1|  0.0|INFORM|FME_HOME is 'C:\Program Files\FME\'
2020-03-30 10:11:39|   0.1|  0.0|INFORM|FME Database Edition (node locked-crc)
2020-03-30 10:11:39|   0.1|  0.0|INFORM|Serial Number: 0
2020-03-30 10:11:39|   0.1|  0.0|INFORM|Temporary License: 19 days left.
2020-03-30 10:11:39|   0.1|  0.0|INFORM|Machine host name is: LAPTOP-TOFVPK12
2020-03-30 10:11:39|   0.1|  0.0|INFORM|START - ProcessID: 18464, peak process memory usage: 36844 kB, current process memory usage: 36744 kB
2020-03-30 10:11:39|   0.1|  0.0|INFORM|FME Configuration: Command line arguments are `C:\Program Files\FME\fme.exe' `C:/Users/Matt/Documents/FME Projects/Converter\wb-xlate-1585588267227_16816' `LOG_STANDARDOUT' `YES' `LogCountServerName' `{60af1baa-896a-437a-894d-61532e21e61b}'
2020-03-30 10:11:39|   0.1|  0.0|INFORM|FME Configuration: Connection Storage: 'C:\Users\Matt\AppData\Roaming\Safe Software\FME\'
2020-03-30 10:11:40|   0.8|  0.7|INFORM|Shared folders for formats are : C:\Program Files\FME\datasources;C:\Users\Matt\Documents\FME\Formats
2020-03-30 10:11:40|   0.8|  0.0|INFORM|Shared folders for transformers are : C:\Users\Matt\AppData\Roaming\Safe Software\FME\Packages\20200-win64\transformers;C:\Program Files\FME\transformers;C:\Users\Matt\AppData\Roaming\Safe Software\FME\FME Store\Transformers
2020-03-30 10:11:40|   0.8|  0.0|INFORM|Shared folders for coordinate systems are : C:\Users\Matt\Documents\FME\CoordinateSystems
2020-03-30 10:11:40|   0.8|  0.0|INFORM|Shared folders for coordinate system exceptions are : C:\Users\Matt\Documents\FME\CoordinateSystemExceptions
2020-03-30 10:11:40|   0.8|  0.0|INFORM|Shared folders for coordinate system grid overrides are : C:\Users\Matt\Documents\FME\CoordinateSystemGridOverrides
2020-03-30 10:11:40|   0.8|  0.0|INFORM|Shared folders for CS-MAP transformation exceptions are : C:\Users\Matt\Documents\FME\CsmapTransformationExceptions
2020-03-30 10:11:40|   0.8|  0.0|INFORM|Shared folders for transformer categories are : C:\Users\Matt\Documents\FME\TransformerCategories
2020-03-30 10:11:40|   0.8|  0.0|INFORM|FME Configuration: Reader Keyword is `MULTI_READER'
2020-03-30 10:11:40|   0.8|  0.0|INFORM|FME Configuration: Writer Keyword is `MULTI_WRITER'
2020-03-30 10:11:40|   0.8|  0.0|INFORM|FME Configuration: Writer Group Definition Keyword is `MULTI_WRITER_DEF'
2020-03-30 10:11:40|   0.8|  0.0|INFORM|FME Configuration: Reader type is `MULTI_READER'
2020-03-30 10:11:40|   0.8|  0.0|INFORM|FME Configuration: Writer type is `MULTI_WRITER'
2020-03-30 10:11:40|   0.8|  0.0|INFORM|FME Configuration: No destination coordinate system set
2020-03-30 10:11:40|   0.8|  0.0|INFORM|FME Configuration: Current working folder is `C:\Users\Matt\Documents\FME Projects\Converter'
2020-03-30 10:11:40|   0.8|  0.0|INFORM|FME Configuration: Temporary folder is `C:\Users\Matt\AppData\Local\Temp', set from environment variable `TEMP'
2020-03-30 10:11:40|   0.8|  0.0|INFORM|FME Configuration: FME_HOME is `C:\Program Files\FME\'
2020-03-30 10:11:40|   0.8|  0.0|INFORM|FME Configuration: FME_BASE is 'no'
2020-03-30 10:11:40|   0.8|  0.0|INFORM|FME Configuration: FME_MF_DIR is 'C:\Users\Matt\Documents\FME Projects\Converter/'
2020-03-30 10:11:40|   0.8|  0.0|INFORM|FME Configuration: FME_MF_NAME is 'Converter.fmw'
2020-03-30 10:11:40|   0.8|  0.0|INFORM|FME Configuration: FME_PRODUCT_NAME is 'FME(R) 2020.0.0.0'
2020-03-30 10:11:40|   0.8|  0.0|INFORM|System Status: 659.48 GB of disk space available in the FME temporary folder (C:\Users\Matt\AppData\Local\Temp)
2020-03-30 10:11:40|   0.8|  0.0|INFORM|System Status: 7.92 GB of physical memory available
2020-03-30 10:11:40|   0.8|  0.0|INFORM|System Status: 31.68 GB of virtual memory available
2020-03-30 10:11:40|   0.8|  0.0|INFORM|Operating System: Microsoft Windows 10 64-bit  (Build 18362)
2020-03-30 10:11:40|   0.8|  0.0|INFORM|FME Platform: WIN64
2020-03-30 10:11:40|   0.8|  0.0|INFORM|Locale: en_US
2020-03-30 10:11:40|   0.8|  0.0|INFORM|System Encoding: windows-1252
2020-03-30 10:11:40|   0.8|  0.0|INFORM|FME Configuration: Start freeing memory when the process exceeds 23.76 GB
2020-03-30 10:11:40|   0.8|  0.0|INFORM|FME Configuration: Stop freeing memory when the process is below 17.82 GB
2020-03-30 10:11:40|   0.9|  0.0|INFORM|Creating writer for format: 
2020-03-30 10:11:40|   0.9|  0.0|INFORM|Creating reader for format: 
2020-03-30 10:11:40|   0.9|  0.0|INFORM|MULTI_READER(MULTI_READER): Will fail with first member reader failure
2020-03-30 10:11:40|   0.9|  0.0|INFORM|MULTI_READER(MULTI_READER): Adding POINTCLOUDXYZ Reader with keyword POINTCLOUDXYZ_1
2020-03-30 10:11:40|   0.9|  0.0|INFORM|Using Multi Reader with keyword `MULTI_READER' to read multiple datasets
2020-03-30 10:11:40|   0.9|  0.0|INFORM|Creating reader for format: Point Cloud XYZ
2020-03-30 10:11:40|   0.9|  0.0|INFORM|Trying to find a DYNAMIC plugin for reader named `POINTCLOUDXYZ'
2020-03-30 10:11:40|   0.9|  0.0|INFORM|FME Configuration: Source coordinate system for reader POINTCLOUDXYZ_1[POINTCLOUDXYZ] set to `*XY-FT*'
2020-03-30 10:11:40|   0.9|  0.0|INFORM|Coordinate System `*XY-FT*' parameters: CS_NAME=`*XY-FT*' DESC_NM=`Arbitrary X-Y Coordinates (Feet)' PROJ=`NERTH' QUAD=`1' SOURCE=`Safe Software' UNIT=`IFOOT'
2020-03-30 10:11:40|   0.9|  0.0|INFORM|Loaded module 'POINTCLOUDXYZ' from file 'C:\Program Files\FME\plugins/POINTCLOUDXYZ.dll'
2020-03-30 10:11:40|   0.9|  0.0|INFORM|FME API version of module 'POINTCLOUDXYZ' matches current internal version (3.8 20200115)
2020-03-30 10:11:40|   0.9|  0.0|INFORM|Using MultiWriter with keyword `MULTI_WRITER' to output data (ID_ATTRIBUTE is `multi_writer_id')
2020-03-30 10:11:40|   0.9|  0.0|INFORM|Writer output will be ordered by value of multi_writer_id
2020-03-30 10:11:40|   0.9|  0.0|INFORM|Loaded module 'LogCount_func' from file 'C:\Program Files\FME\plugins/LogCount_func.dll'
2020-03-30 10:11:40|   0.9|  0.0|INFORM|FME API version of module 'LogCount_func' matches current internal version (3.8 20200115)
2020-03-30 10:11:40|   0.9|  0.0|INFORM|Loaded module 'VectorToPointCloudFactory' from file 'C:\Program Files\FME\plugins/VectorToPointCloudFactory.dll'
2020-03-30 10:11:40|   0.9|  0.0|INFORM|FME API version of module 'VectorToPointCloudFactory' matches current internal version (3.8 20200115)
2020-03-30 10:11:40|   0.9|  0.0|INFORM|Loaded module 'PointCloudCombinerFactory' from file 'C:\Program Files\FME\plugins/PointCloudCombinerFactory.dll'
2020-03-30 10:11:40|   0.9|  0.0|INFORM|FME API version of module 'PointCloudCombinerFactory' matches current internal version (3.8 20200115)
2020-03-30 10:11:40|   1.0|  0.0|INFORM|Loaded module 'ThinPointCloud_func' from file 'C:\Program Files\FME\plugins/ThinPointCloud_func.dll'
2020-03-30 10:11:40|   1.0|  0.0|INFORM|FME API version of module 'ThinPointCloud_func' matches current internal version (3.8 20200115)
2020-03-30 10:11:40|   1.0|  0.0|INFORM|Loaded module 'PointCloudInterpretation_func' from file 'C:\Program Files\FME\plugins/PointCloudInterpretation_func.dll'
2020-03-30 10:11:40|   1.0|  0.0|INFORM|FME API version of module 'PointCloudInterpretation_func' matches current internal version (3.8 20200115)
2020-03-30 10:11:40|   1.0|  0.0|INFORM|Loaded module 'PointCloudManipulatorFactory' from file 'C:\Program Files\FME\plugins/PointCloudManipulatorFactory.dll'
2020-03-30 10:11:40|   1.0|  0.0|INFORM|FME API version of module 'PointCloudManipulatorFactory' matches current internal version (3.8 20200115)
2020-03-30 10:11:40|   1.0|  0.0|INFORM|FME API version of module 'VectorToPointCloudFactory' matches current internal version (3.8 20200115)
2020-03-30 10:11:40|   1.0|  0.0|INFORM|FME API version of module 'PointCloudCombinerFactory' matches current internal version (3.8 20200115)
2020-03-30 10:11:40|   1.0|  0.0|INFORM|Loaded module 'ExtractPointCloudProperties_func' from file 'C:\Program Files\FME\plugins/ExtractPointCloudProperties_func.dll'
2020-03-30 10:11:40|   1.0|  0.0|INFORM|FME API version of module 'ExtractPointCloudProperties_func' matches current internal version (3.8 20200115)
2020-03-30 10:11:40|   1.0|  0.0|INFORM|Loaded module 'TransformPointCloud_func' from file 'C:\Program Files\FME\plugins/TransformPointCloud_func.dll'
2020-03-30 10:11:40|   1.0|  0.0|INFORM|FME API version of module 'TransformPointCloud_func' matches current internal version (3.8 20200115)
2020-03-30 10:11:40|   1.0|  0.0|INFORM|Loaded module 'PointCloudEvaluationFactory' from file 'C:\Program Files\FME\plugins/PointCloudEvaluationFactory.dll'
2020-03-30 10:11:40|   1.0|  0.0|INFORM|FME API version of module 'PointCloudEvaluationFactory' matches current internal version (3.8 20200115)
2020-03-30 10:11:40|   1.0|  0.0|INFORM|POINTCLOUDXYZ reader: Directive '_FIELD_NAMES' has the value 'NO'
2020-03-30 10:11:40|   1.0|  0.0|INFORM|POINTCLOUDXYZ reader: Directive '_FIELD_NAMES_AFTER_HEADER' has the value 'no'
2020-03-30 10:11:40|   1.0|  0.0|INFORM|POINTCLOUDXYZ reader: Directive '_COLUMN_TO_PCCOMPONENT' has the value 'x,col0,Real64,y,col1,Real64,z,col2,Real64,color_red,col3,UInt8,color_green,col4,UInt8,color_blue,col5,UInt8'
2020-03-30 10:11:40|   1.0|  0.0|WARN  |POINTCLOUDXYZ reader: The string 'x' read from column 'col0' is not a valid value for component 'x' which has type 'Real64'.  This line will be ignored.  Further type conversion errors will not be logged.  Consider changing the component type to preserve values.  Specifically, if the type is set to String, all values will be preserved
2020-03-30 10:11:41|   2.0|  0.9|WARN  |POINTCLOUDXYZ reader: 1 line(s) in the file could not be read.  These points will be ignored
2020-03-30 10:11:41|   2.0|  0.0|STATS |Storing feature(s) to FME feature store file `C:\Users\Matt\AppData\Local\Temp\wb-cache-Converter-KAewjk\Main_POINTCLOUDXYZ -1 75 -1  0  6376f37bc8ea2650987e034ad862615c23706d05.ffsupdating'
2020-03-30 10:11:41|   2.0|  0.0|INFORM|FFS writer: Writing point cloud with 531401 point(s) to file 'C:\Users\Matt\AppData\Local\Temp\wb-cache-Converter-KAewjk\Main_POINTCLOUDXYZ -1 75 -1  0  6376f37bc8ea2650987e034ad862615c23706d05.fps'
2020-03-30 10:11:41|   2.0|  0.0|INFORM|MULTI_READER(MULTI_READER): Done reading 1 features from 1 readers
2020-03-30 10:11:41|   2.0|  0.0|INFORM|Emptying factory pipeline
2020-03-30 10:11:41|   2.0|  0.0|STATS |Router and Unexpected Input Remover (RoutingFactory): Tested 1 input feature(s), wrote 1 output feature(s): 1 matched merge filters, 1 were routed to output, 0 could not be routed.
2020-03-30 10:11:41|   2.0|  0.0|STATS |Unexpected Input Remover Nuker (TeeFactory): Cloned 0 input feature(s) into 0 output feature(s)
2020-03-30 10:11:41|   2.0|  0.0|STATS |POINTCLOUDXYZ(POINTCLOUDXYZ_1) Splitter (TeeFactory): Cloned 1 input feature(s) into 1 output feature(s)
2020-03-30 10:11:41|   2.0|  0.0|STATS |POINTCLOUDXYZ_POINTCLOUDXYZ_1 Feature Counter -1 76 (TeeFactory): Cloned 1 input feature(s) into 1 output feature(s)
2020-03-30 10:11:41|   2.0|  0.0|STATS |Storing feature(s) to FME feature store file `C:\Users\Matt\AppData\Local\Temp\wb-cache-Converter-KAewjk\Main_convertToPointCloud -1 7 fo 0 OUTPUT  0  44483ca96e95edc1df5bd90dafa85fb76811fedd.ffsupdating'
2020-03-30 10:11:41|   2.1|  0.0|INFORM|FFS writer: Writing point cloud with 531401 point(s) to file 'C:\Users\Matt\AppData\Local\Temp\wb-cache-Converter-KAewjk\Main_convertToPointCloud -1 7 fo 0 OUTPUT  0  44483ca96e95edc1df5bd90dafa85fb76811fedd.fps'
2020-03-30 10:11:41|   2.1|  0.0|INFORM|PointCloudThinner: Thinning point cloud from 531401 point(s) to 8738 point(s)
2020-03-30 10:11:41|   2.1|  0.0|STATS |Storing feature(s) to FME feature store file `C:\Users\Matt\AppData\Local\Temp\wb-cache-Converter-KAewjk\Main_PointCloudThinner -1 45 fo 0 THINNED  0  2b43b364fb7297296f8d5e09ebc26922be12c21f.ffsupdating'
2020-03-30 10:11:41|   2.1|  0.0|INFORM|FFS writer: Writing point cloud with 8738 point(s) to file 'C:\Users\Matt\AppData\Local\Temp\wb-cache-Converter-KAewjk\Main_PointCloudThinner -1 45 fo 0 THINNED  0  2b43b364fb7297296f8d5e09ebc26922be12c21f.fps'
2020-03-30 10:11:41|   2.1|  0.0|STATS |Storing feature(s) to FME feature store file `C:\Users\Matt\AppData\Local\Temp\wb-cache-Converter-KAewjk\Main_real64ToReal32 -1 65 fo 0 OUTPUT  0  04b5249c2a65079320307e189a5a7310e75f05ab.ffsupdating'
2020-03-30 10:11:41|   2.2|  0.0|INFORM|FFS writer: Writing point cloud with 8738 point(s) to file 'C:\Users\Matt\AppData\Local\Temp\wb-cache-Converter-KAewjk\Main_real64ToReal32 -1 65 fo 0 OUTPUT  0  04b5249c2a65079320307e189a5a7310e75f05ab.fps'
2020-03-30 10:11:47|   7.6|  5.4|STATS |Storing feature(s) to FME feature store file `C:\Users\Matt\AppData\Local\Temp\wb-cache-Converter-KAewjk\Main_PointCloudSurfaceBuilder -1 49 fo 0 SURFACE  0  42a15f23c00f5f04fb623fd095cb4fdf1ea12e43.ffsupdating'
2020-03-30 10:11:54|  13.5|  5.9|STATS |convertToPointCloud_OUTPUT Feature Counter -1 63 (TeeFactory): Cloned 1 input feature(s) into 1 output feature(s)
2020-03-30 10:11:54|  13.5|  0.0|STATS |convertToPointCloud_<REJECTED> Feature Counter -1 2147680263 (TeeFactory): Cloned 0 input feature(s) into 0 output feature(s)
2020-03-30 10:11:54|  13.5|  0.0|STATS |PointCloudThinner (TeeFactory): Cloned 1 input feature(s) into 1 output feature(s)
2020-03-30 10:11:54|  13.5|  0.0|STATS |PointCloudThinner_Rejector (TestFactory): Tested 1 input feature(s) -- 0 feature(s) passed and 1 feature(s) failed
2020-03-30 10:11:54|  13.5|  0.0|STATS |PointCloudThinner_THINNED Feature Counter -1 79 (TeeFactory): Cloned 1 input feature(s) into 1 output feature(s)
2020-03-30 10:11:54|  13.5|  0.0|STATS |PointCloudThinner_<REJECTED> Feature Counter -1 2147680301 (TeeFactory): Cloned 0 input feature(s) into 0 output feature(s)
2020-03-30 10:11:54|  13.5|  0.0|STATS |real64ToReal32 (TeeFactory): Cloned 1 input feature(s) into 1 output feature(s)
2020-03-30 10:11:54|  13.5|  0.0|STATS |real64ToReal32_Rejector (TestFactory): Tested 1 input feature(s) -- 0 feature(s) passed and 1 feature(s) failed
2020-03-30 10:11:54|  13.5|  0.0|STATS |real64ToReal32_OUTPUT Feature Counter -1 80 (TeeFactory): Cloned 1 input feature(s) into 1 output feature(s)
2020-03-30 10:11:54|  13.5|  0.0|STATS |real64ToReal32_<REJECTED> Feature Counter -1 2147680321 (TeeFactory): Cloned 0 input feature(s) into 0 output feature(s)
2020-03-30 10:11:54|  13.5|  0.0|STATS |PointCloudSurfaceBuilder_SURFACE Feature Counter -1 81 (TeeFactory): Cloned 1 input feature(s) into 1 output feature(s)
2020-03-30 10:11:54|  13.5|  0.0|STATS |PointCloudSurfaceBuilder_<REJECTED> Feature Counter -1 2147680305 (TeeFactory): Cloned 0 input feature(s) into 0 output feature(s)
2020-03-30 10:11:54|  13.5|  0.0|STATS |Storing feature(s) to FME feature store file `C:\Users\Matt\AppData\Local\Temp\wb-cache-Converter-KAewjk\Main_PointCloudCombiner -1 51 fo 0 OUTPUT  0  1e5cd3dee97080bb6cca4c0a7e47d1a114464044.ffsupdating'
2020-03-30 10:11:54|  13.5|  0.0|INFORM|FFS writer: Writing point cloud with 93254 point(s) to file 'C:\Users\Matt\AppData\Local\Temp\wb-cache-Converter-KAewjk\Main_PointCloudCombiner -1 51 fo 0 OUTPUT  0  1e5cd3dee97080bb6cca4c0a7e47d1a114464044.fps'
2020-03-30 10:11:54|  13.5|  0.0|STATS |Storing feature(s) to FME feature store file `C:\Users\Matt\AppData\Local\Temp\wb-cache-Converter-KAewjk\Main_findLimits -1 21 fo 0 OUTPUT  0  bfafa5aeda4f6002813cc6ad6f86cae548baac28.ffsupdating'
2020-03-30 10:11:54|  13.5|  0.0|INFORM|FFS writer: Writing point cloud with 93254 point(s) to file 'C:\Users\Matt\AppData\Local\Temp\wb-cache-Converter-KAewjk\Main_findLimits -1 21 fo 0 OUTPUT  0  bfafa5aeda4f6002813cc6ad6f86cae548baac28.fps'
2020-03-30 10:11:54|  13.6|  0.0|STATS |Storing feature(s) to FME feature store file `C:\Users\Matt\AppData\Local\Temp\wb-cache-Converter-KAewjk\Main_Dimensions -1 32 fo 0 OUTPUT  0  398d14e6be3f3d30bf12ce205978066c24013743.ffsupdating'
2020-03-30 10:11:54|  13.6|  0.0|INFORM|FFS writer: Writing point cloud with 93254 point(s) to file 'C:\Users\Matt\AppData\Local\Temp\wb-cache-Converter-KAewjk\Main_Dimensions -1 32 fo 0 OUTPUT  0  398d14e6be3f3d30bf12ce205978066c24013743.fps'
2020-03-30 10:11:54|  13.6|  0.0|STATS |Storing feature(s) to FME feature store file `C:\Users\Matt\AppData\Local\Temp\wb-cache-Converter-KAewjk\Main_CalculateScales -1 38 fo 0 OUTPUT  0  07057303b381b804ea15b596a17cb92d8d60a718.ffsupdating'
2020-03-30 10:11:54|  13.6|  0.0|INFORM|FFS writer: Writing point cloud with 93254 point(s) to file 'C:\Users\Matt\AppData\Local\Temp\wb-cache-Converter-KAewjk\Main_CalculateScales -1 38 fo 0 OUTPUT  0  07057303b381b804ea15b596a17cb92d8d60a718.fps'
2020-03-30 10:11:54|  13.6|  0.0|STATS |Storing feature(s) to FME feature store file `C:\Users\Matt\AppData\Local\Temp\wb-cache-Converter-KAewjk\Main_FindOptimalScaleIgnoreZ -1 41 fo 0 OUTPUT  0  0dce6b152ad51887ade768392b4e33ae4dc71140.ffsupdating'
2020-03-30 10:11:54|  13.7|  0.0|INFORM|FFS writer: Writing point cloud with 93254 point(s) to file 'C:\Users\Matt\AppData\Local\Temp\wb-cache-Converter-KAewjk\Main_FindOptimalScaleIgnoreZ -1 41 fo 0 OUTPUT  0  0dce6b152ad51887ade768392b4e33ae4dc71140.fps'
2020-03-30 10:11:54|  13.7|  0.0|STATS |Storing feature(s) to FME feature store file `C:\Users\Matt\AppData\Local\Temp\wb-cache-Converter-KAewjk\Main_FindOptimalScaleXY -1 46 fo 0 OUTPUT  0  fab31d8ad9d80222e686be558a453a0fb01bb324.ffsupdating'
2020-03-30 10:11:54|  13.7|  0.0|INFORM|FFS writer: Writing point cloud with 93254 point(s) to file 'C:\Users\Matt\AppData\Local\Temp\wb-cache-Converter-KAewjk\Main_FindOptimalScaleXY -1 46 fo 0 OUTPUT  0  fab31d8ad9d80222e686be558a453a0fb01bb324.fps'
2020-03-30 10:11:54|  13.7|  0.0|STATS |Storing feature(s) to FME feature store file `C:\Users\Matt\AppData\Local\Temp\wb-cache-Converter-KAewjk\Main_Scaler -1 31 fo 0 SCALED  0  4335c2ae5a5586dd8188742d5abe9a1bc5314726.ffsupdating'
2020-03-30 10:11:54|  13.7|  0.0|INFORM|FFS writer: Writing point cloud with 93254 point(s) to file 'C:\Users\Matt\AppData\Local\Temp\wb-cache-Converter-KAewjk\Main_Scaler -1 31 fo 0 SCALED  0  4335c2ae5a5586dd8188742d5abe9a1bc5314726.fps'
2020-03-30 10:11:54|  13.7|  0.0|STATS |Storing feature(s) to FME feature store file `C:\Users\Matt\AppData\Local\Temp\wb-cache-Converter-KAewjk\Main_castCoordsToInt -1 62 fo 0 OUTPUT  0  b11b27fd9f90eb1ec8dc095734b2039be1057210.ffsupdating'
2020-03-30 10:11:55|  13.7|  0.0|INFORM|FFS writer: Writing point cloud with 93254 point(s) to file 'C:\Users\Matt\AppData\Local\Temp\wb-cache-Converter-KAewjk\Main_castCoordsToInt -1 62 fo 0 OUTPUT  0  b11b27fd9f90eb1ec8dc095734b2039be1057210.fps'
2020-03-30 10:11:55|  13.8|  0.0|STATS |Storing feature(s) to FME feature store file `C:\Users\Matt\AppData\Local\Temp\wb-cache-Converter-KAewjk\Main_recalculateMinZ -1 57 fo 0 OUTPUT  0  7410f219737d196fce5ab0a6f4b88fdb1c41e53b.ffsupdating'
2020-03-30 10:11:55|  13.8|  0.0|INFORM|FFS writer: Writing point cloud with 93254 point(s) to file 'C:\Users\Matt\AppData\Local\Temp\wb-cache-Converter-KAewjk\Main_recalculateMinZ -1 57 fo 0 OUTPUT  0  7410f219737d196fce5ab0a6f4b88fdb1c41e53b.fps'
2020-03-30 10:11:55|  13.8|  0.0|STATS |Storing feature(s) to FME feature store file `C:\Users\Matt\AppData\Local\Temp\wb-cache-Converter-KAewjk\Main_Offsetter -1 28 fo 0 OFFSET  0  91f3ded80ebb1d15e64bca33e478ec9581994645.ffsupdating'
2020-03-30 10:11:55|  13.8|  0.0|INFORM|FFS writer: Writing point cloud with 93254 point(s) to file 'C:\Users\Matt\AppData\Local\Temp\wb-cache-Converter-KAewjk\Main_Offsetter -1 28 fo 0 OFFSET  0  91f3ded80ebb1d15e64bca33e478ec9581994645.fps'
2020-03-30 10:11:55|  13.8|  0.0|STATS |Storing feature(s) to FME feature store file `C:\Users\Matt\AppData\Local\Temp\wb-cache-Converter-KAewjk\Main_setBlockId -1 82 fo 0 RESULT  0  9dc799c52a8371cc6ce1b2d3b04c33ff92eb7f45.ffsupdating'
2020-03-30 10:11:55|  13.9|  0.0|INFORM|FFS writer: Writing point cloud with 93254 point(s) to file 'C:\Users\Matt\AppData\Local\Temp\wb-cache-Converter-KAewjk\Main_setBlockId -1 82 fo 0 RESULT  0  9dc799c52a8371cc6ce1b2d3b04c33ff92eb7f45.fps'
2020-03-30 10:11:55|  14.0|  0.1|INFORM|Creating writer for format: Mojang Minecraft
2020-03-30 10:11:55|  14.0|  0.0|INFORM|Trying to find a DYNAMIC plugin for writer named `MINECRAFT'
2020-03-30 10:11:55|  14.0|  0.0|INFORM|Loaded module 'MINECRAFT' from file 'C:\Program Files\FME\plugins/MINECRAFT.dll'
2020-03-30 10:11:55|  14.0|  0.0|INFORM|FME API version of module 'MINECRAFT' matches current internal version (3.8 20200115)
2020-03-30 10:11:55|  14.0|  0.0|INFORM|FME Configuration: No destination coordinate system set
2020-03-30 10:11:55|  14.0|  0.0|INFORM|FME API version of module 'MINECRAFT' matches current internal version (3.8 20200115)
2020-03-30 10:11:55|  14.0|  0.0|INFORM|Writer `MINECRAFT_1' of type `MINECRAFT' using group definition keyword `MINECRAFT_1_DEF'
2020-03-30 10:11:55|  14.0|  0.0|INFORM|FME API version of module 'MINECRAFT' matches current internal version (3.8 20200115)
2020-03-30 10:11:55|  14.0|  0.0|INFORM|MINECRAFT writer: Directive '_POPULATE_TERRAIN' has the value 'false'
2020-03-30 10:11:55|  14.0|  0.0|INFORM|MINECRAFT writer: Directive '_CENTER_POINT_CLOUD' has the value 'true'
2020-03-30 10:11:55|  14.0|  0.0|INFORM|MINECRAFT writer: Directive '_FILL_UNDER' has the value 'false'
2020-03-30 10:11:55|  14.0|  0.0|INFORM|MINECRAFT writer: Directive '_FILL_BLOCK' has the value '1'
2020-03-30 10:11:55|  14.0|  0.0|INFORM|MINECRAFT writer: Directive '_BIOME' has the value '1'
2020-03-30 10:11:55|  14.0|  0.0|INFORM|MINECRAFT writer: Directive '_GENERATOR_NAME' has the value 'flat'
2020-03-30 10:11:55|  14.0|  0.0|INFORM|MINECRAFT writer: Directive '_GENERATOR_OPTIONS' has the value '2;7,2x3,2;1;village'
2020-03-30 10:11:55|  14.0|  0.0|INFORM|MINECRAFT writer: Opening file 'C:\Users\Matt\AppData\Roaming\.minecraft\saves\airplane'
2020-03-30 10:11:55|  14.0|  0.0|INFORM|MINECRAFT writer: Attribute 'minecraft_center_point_cloud' has value 'true'
2020-03-30 10:11:55|  14.0|  0.0|INFORM|MINECRAFT writer: Attribute 'minecraft_populate_terrain' has value 'false'
2020-03-30 10:11:55|  14.0|  0.0|INFORM|MINECRAFT writer: Attribute 'minecraft_fill_under' has value 'false'
2020-03-30 10:11:55|  14.0|  0.0|INFORM|MINECRAFT writer: Attribute 'minecraft_fill_block' has value '1'
2020-03-30 10:11:55|  14.0|  0.0|INFORM|MINECRAFT writer: Attribute 'minecraft_generator_name' has value 'flat'
2020-03-30 10:11:55|  14.0|  0.0|INFORM|MINECRAFT writer: Attribute 'minecraft_generator_options' has value '2;7,2x3,2;1;village'
2020-03-30 10:11:55|  14.0|  0.0|INFORM|MINECRAFT writer: Attribute 'minecraft_generator_seed' has value '0'
2020-03-30 10:11:55|  14.0|  0.0|INFORM|MINECRAFT writer: Attribute 'minecraft_world_name' has value 'airplane'
2020-03-30 10:11:55|  14.0|  0.0|WARN  |MINECRAFT writer: Converting component 'x' from type 'Real64' to 'Int32'.  If this conversion is undesired, consider changing the type explicitly
2020-03-30 10:11:55|  14.0|  0.0|WARN  |MINECRAFT writer: Converting component 'y' from type 'Real64' to 'Int32'.  If this conversion is undesired, consider changing the type explicitly
2020-03-30 10:11:55|  14.0|  0.0|WARN  |MINECRAFT writer: Converting component 'z' from type 'Real64' to 'UInt8'.  If this conversion is undesired, consider changing the type explicitly
2020-03-30 10:11:55|  14.0|  0.0|INFORM|MINECRAFT writer: Converting component 'blockID' from type 'UInt8' to 'UInt16'.  If this conversion is undesired, consider changing the type explicitly
2020-03-30 10:11:55|  14.0|  0.0|INFORM|MINECRAFT writer: Wrote to Level file at 'C:\Users\Matt\AppData\Roaming\.minecraft\saves\airplane\level.dat'
2020-03-30 10:11:55|  14.0|  0.0|INFORM|MINECRAFT writer: Tiling Dataset into Regions
2020-03-30 10:11:55|  14.1|  0.0|INFORM|MINECRAFT writer: Building 4 region(s)
2020-03-30 10:11:55|  14.1|  0.0|INFORM|MINECRAFT writer: Building region 1 of 4 at -1,-1
2020-03-30 10:11:55|  14.1|  0.0|ERROR |MINECRAFT writer: Internal Error: Failed to create a valid block index in regionX: '-1', regionZ: '-1', chunkX: '30', chunkZ: '30'
2020-03-30 10:11:55|  14.1|  0.0|ERROR |A fatal error has occurred. Check the logfile above for details
2020-03-30 10:11:55|  14.1|  0.0|ERROR |... Last line repeated 2 times ...
2020-03-30 10:11:55|  14.1|  0.0|ERROR |
2020-03-30 10:11:55|  14.1|  0.0|ERROR |A fatal error has occurred. Check the logfile above for details
2020-03-30 10:11:55|  14.1|  0.0|ERROR |PointCloudCombiner___Combiner (PointCloudCombinerFactory): A fatal error has occurred. Check the logfile above for details
2020-03-30 10:11:55|  14.1|  0.0|STATS |Stored 1 feature(s) to FME feature store file `C:\Users\Matt\AppData\Local\Temp\wb-cache-Converter-KAewjk\Main_PointCloudThinner -1 45 fo 0 THINNED  0  2b43b364fb7297296f8d5e09ebc26922be12c21f.ffsupdating'
2020-03-30 10:11:55|  14.1|  0.0|INFORM|Saving spatial index into file 'C:\Users\Matt\AppData\Local\Temp\wb-cache-Converter-KAewjk\Main_PointCloudThinner -1 45 fo 0 THINNED  0  2b43b364fb7297296f8d5e09ebc26922be12c21f.fsi'
2020-03-30 10:11:55|  14.1|  0.0|INFORM|Finished saving spatial index into file 'C:\Users\Matt\AppData\Local\Temp\wb-cache-Converter-KAewjk\Main_PointCloudThinner -1 45 fo 0 THINNED  0  2b43b364fb7297296f8d5e09ebc26922be12c21f.fsi'
2020-03-30 10:11:55|  14.1|  0.0|STATS |Stored 1 feature(s) to FME feature store file `C:\Users\Matt\AppData\Local\Temp\wb-cache-Converter-KAewjk\Main_POINTCLOUDXYZ -1 75 -1  0  6376f37bc8ea2650987e034ad862615c23706d05.ffsupdating'
2020-03-30 10:11:55|  14.1|  0.0|INFORM|Saving spatial index into file 'C:\Users\Matt\AppData\Local\Temp\wb-cache-Converter-KAewjk\Main_POINTCLOUDXYZ -1 75 -1  0  6376f37bc8ea2650987e034ad862615c23706d05.fsi'
2020-03-30 10:11:55|  14.1|  0.0|INFORM|Finished saving spatial index into file 'C:\Users\Matt\AppData\Local\Temp\wb-cache-Converter-KAewjk\Main_POINTCLOUDXYZ -1 75 -1  0  6376f37bc8ea2650987e034ad862615c23706d05.fsi'
2020-03-30 10:11:55|  14.1|  0.0|STATS |Stored 1 feature(s) to FME feature store file `C:\Users\Matt\AppData\Local\Temp\wb-cache-Converter-KAewjk\Main_convertToPointCloud -1 7 fo 0 OUTPUT  0  44483ca96e95edc1df5bd90dafa85fb76811fedd.ffsupdating'
2020-03-30 10:11:55|  14.1|  0.0|INFORM|Saving spatial index into file 'C:\Users\Matt\AppData\Local\Temp\wb-cache-Converter-KAewjk\Main_convertToPointCloud -1 7 fo 0 OUTPUT  0  44483ca96e95edc1df5bd90dafa85fb76811fedd.fsi'
2020-03-30 10:11:55|  14.1|  0.0|INFORM|Finished saving spatial index into file 'C:\Users\Matt\AppData\Local\Temp\wb-cache-Converter-KAewjk\Main_convertToPointCloud -1 7 fo 0 OUTPUT  0  44483ca96e95edc1df5bd90dafa85fb76811fedd.fsi'
2020-03-30 10:11:55|  14.1|  0.0|STATS |Stored 1 feature(s) to FME feature store file `C:\Users\Matt\AppData\Local\Temp\wb-cache-Converter-KAewjk\Main_Dimensions -1 32 fo 0 OUTPUT  0  398d14e6be3f3d30bf12ce205978066c24013743.ffsupdating'
2020-03-30 10:11:55|  14.1|  0.0|INFORM|Saving spatial index into file 'C:\Users\Matt\AppData\Local\Temp\wb-cache-Converter-KAewjk\Main_Dimensions -1 32 fo 0 OUTPUT  0  398d14e6be3f3d30bf12ce205978066c24013743.fsi'
2020-03-30 10:11:55|  14.1|  0.0|INFORM|Finished saving spatial index into file 'C:\Users\Matt\AppData\Local\Temp\wb-cache-Converter-KAewjk\Main_Dimensions -1 32 fo 0 OUTPUT  0  398d14e6be3f3d30bf12ce205978066c24013743.fsi'
2020-03-30 10:11:55|  14.1|  0.0|STATS |Stored 1 feature(s) to FME feature store file `C:\Users\Matt\AppData\Local\Temp\wb-cache-Converter-KAewjk\Main_FindOptimalScaleXY -1 46 fo 0 OUTPUT  0  fab31d8ad9d80222e686be558a453a0fb01bb324.ffsupdating'
2020-03-30 10:11:55|  14.1|  0.0|INFORM|Saving spatial index into file 'C:\Users\Matt\AppData\Local\Temp\wb-cache-Converter-KAewjk\Main_FindOptimalScaleXY -1 46 fo 0 OUTPUT  0  fab31d8ad9d80222e686be558a453a0fb01bb324.fsi'
2020-03-30 10:11:55|  14.1|  0.0|INFORM|Finished saving spatial index into file 'C:\Users\Matt\AppData\Local\Temp\wb-cache-Converter-KAewjk\Main_FindOptimalScaleXY -1 46 fo 0 OUTPUT  0  fab31d8ad9d80222e686be558a453a0fb01bb324.fsi'
2020-03-30 10:11:55|  14.1|  0.0|STATS |Stored 1 feature(s) to FME feature store file `C:\Users\Matt\AppData\Local\Temp\wb-cache-Converter-KAewjk\Main_CalculateScales -1 38 fo 0 OUTPUT  0  07057303b381b804ea15b596a17cb92d8d60a718.ffsupdating'
2020-03-30 10:11:55|  14.1|  0.0|INFORM|Saving spatial index into file 'C:\Users\Matt\AppData\Local\Temp\wb-cache-Converter-KAewjk\Main_CalculateScales -1 38 fo 0 OUTPUT  0  07057303b381b804ea15b596a17cb92d8d60a718.fsi'
2020-03-30 10:11:55|  14.1|  0.0|INFORM|Finished saving spatial index into file 'C:\Users\Matt\AppData\Local\Temp\wb-cache-Converter-KAewjk\Main_CalculateScales -1 38 fo 0 OUTPUT  0  07057303b381b804ea15b596a17cb92d8d60a718.fsi'
2020-03-30 10:11:55|  14.1|  0.0|STATS |Stored 1 feature(s) to FME feature store file `C:\Users\Matt\AppData\Local\Temp\wb-cache-Converter-KAewjk\Main_real64ToReal32 -1 65 fo 0 OUTPUT  0  04b5249c2a65079320307e189a5a7310e75f05ab.ffsupdating'
2020-03-30 10:11:55|  14.1|  0.0|INFORM|Saving spatial index into file 'C:\Users\Matt\AppData\Local\Temp\wb-cache-Converter-KAewjk\Main_real64ToReal32 -1 65 fo 0 OUTPUT  0  04b5249c2a65079320307e189a5a7310e75f05ab.fsi'
2020-03-30 10:11:55|  14.1|  0.0|INFORM|Finished saving spatial index into file 'C:\Users\Matt\AppData\Local\Temp\wb-cache-Converter-KAewjk\Main_real64ToReal32 -1 65 fo 0 OUTPUT  0  04b5249c2a65079320307e189a5a7310e75f05ab.fsi'
2020-03-30 10:11:55|  14.1|  0.0|STATS |Stored 1 feature(s) to FME feature store file `C:\Users\Matt\AppData\Local\Temp\wb-cache-Converter-KAewjk\Main_PointCloudCombiner -1 51 fo 0 OUTPUT  0  1e5cd3dee97080bb6cca4c0a7e47d1a114464044.ffsupdating'
2020-03-30 10:11:55|  14.1|  0.0|INFORM|Saving spatial index into file 'C:\Users\Matt\AppData\Local\Temp\wb-cache-Converter-KAewjk\Main_PointCloudCombiner -1 51 fo 0 OUTPUT  0  1e5cd3dee97080bb6cca4c0a7e47d1a114464044.fsi'
2020-03-30 10:11:55|  14.1|  0.0|INFORM|Finished saving spatial index into file 'C:\Users\Matt\AppData\Local\Temp\wb-cache-Converter-KAewjk\Main_PointCloudCombiner -1 51 fo 0 OUTPUT  0  1e5cd3dee97080bb6cca4c0a7e47d1a114464044.fsi'
2020-03-30 10:11:55|  14.1|  0.0|STATS |Stored 1 feature(s) to FME feature store file `C:\Users\Matt\AppData\Local\Temp\wb-cache-Converter-KAewjk\Main_PointCloudSurfaceBuilder -1 49 fo 0 SURFACE  0  42a15f23c00f5f04fb623fd095cb4fdf1ea12e43.ffsupdating'
2020-03-30 10:11:55|  14.1|  0.0|INFORM|Saving spatial index into file 'C:\Users\Matt\AppData\Local\Temp\wb-cache-Converter-KAewjk\Main_PointCloudSurfaceBuilder -1 49 fo 0 SURFACE  0  42a15f23c00f5f04fb623fd095cb4fdf1ea12e43.fsi'
2020-03-30 10:11:55|  14.1|  0.0|INFORM|Finished saving spatial index into file 'C:\Users\Matt\AppData\Local\Temp\wb-cache-Converter-KAewjk\Main_PointCloudSurfaceBuilder -1 49 fo 0 SURFACE  0  42a15f23c00f5f04fb623fd095cb4fdf1ea12e43.fsi'
2020-03-30 10:11:55|  14.1|  0.0|STATS |Stored 1 feature(s) to FME feature store file `C:\Users\Matt\AppData\Local\Temp\wb-cache-Converter-KAewjk\Main_findLimits -1 21 fo 0 OUTPUT  0  bfafa5aeda4f6002813cc6ad6f86cae548baac28.ffsupdating'
2020-03-30 10:11:55|  14.1|  0.0|INFORM|Saving spatial index into file 'C:\Users\Matt\AppData\Local\Temp\wb-cache-Converter-KAewjk\Main_findLimits -1 21 fo 0 OUTPUT  0  bfafa5aeda4f6002813cc6ad6f86cae548baac28.fsi'
2020-03-30 10:11:55|  14.1|  0.0|INFORM|Finished saving spatial index into file 'C:\Users\Matt\AppData\Local\Temp\wb-cache-Converter-KAewjk\Main_findLimits -1 21 fo 0 OUTPUT  0  bfafa5aeda4f6002813cc6ad6f86cae548baac28.fsi'
2020-03-30 10:11:55|  14.1|  0.0|STATS |Stored 1 feature(s) to FME feature store file `C:\Users\Matt\AppData\Local\Temp\wb-cache-Converter-KAewjk\Main_FindOptimalScaleIgnoreZ -1 41 fo 0 OUTPUT  0  0dce6b152ad51887ade768392b4e33ae4dc71140.ffsupdating'
2020-03-30 10:11:55|  14.1|  0.0|INFORM|Saving spatial index into file 'C:\Users\Matt\AppData\Local\Temp\wb-cache-Converter-KAewjk\Main_FindOptimalScaleIgnoreZ -1 41 fo 0 OUTPUT  0  0dce6b152ad51887ade768392b4e33ae4dc71140.fsi'
2020-03-30 10:11:55|  14.1|  0.0|INFORM|Finished saving spatial index into file 'C:\Users\Matt\AppData\Local\Temp\wb-cache-Converter-KAewjk\Main_FindOptimalScaleIgnoreZ -1 41 fo 0 OUTPUT  0  0dce6b152ad51887ade768392b4e33ae4dc71140.fsi'
2020-03-30 10:11:55|  14.1|  0.0|STATS |Stored 1 feature(s) to FME feature store file `C:\Users\Matt\AppData\Local\Temp\wb-cache-Converter-KAewjk\Main_Scaler -1 31 fo 0 SCALED  0  4335c2ae5a5586dd8188742d5abe9a1bc5314726.ffsupdating'
2020-03-30 10:11:55|  14.1|  0.0|INFORM|Saving spatial index into file 'C:\Users\Matt\AppData\Local\Temp\wb-cache-Converter-KAewjk\Main_Scaler -1 31 fo 0 SCALED  0  4335c2ae5a5586dd8188742d5abe9a1bc5314726.fsi'
2020-03-30 10:11:55|  14.1|  0.0|INFORM|Finished saving spatial index into file 'C:\Users\Matt\AppData\Local\Temp\wb-cache-Converter-KAewjk\Main_Scaler -1 31 fo 0 SCALED  0  4335c2ae5a5586dd8188742d5abe9a1bc5314726.fsi'
2020-03-30 10:11:55|  14.1|  0.0|STATS |Stored 1 feature(s) to FME feature store file `C:\Users\Matt\AppData\Local\Temp\wb-cache-Converter-KAewjk\Main_castCoordsToInt -1 62 fo 0 OUTPUT  0  b11b27fd9f90eb1ec8dc095734b2039be1057210.ffsupdating'
2020-03-30 10:11:55|  14.1|  0.0|INFORM|Saving spatial index into file 'C:\Users\Matt\AppData\Local\Temp\wb-cache-Converter-KAewjk\Main_castCoordsToInt -1 62 fo 0 OUTPUT  0  b11b27fd9f90eb1ec8dc095734b2039be1057210.fsi'
2020-03-30 10:11:55|  14.1|  0.0|INFORM|Finished saving spatial index into file 'C:\Users\Matt\AppData\Local\Temp\wb-cache-Converter-KAewjk\Main_castCoordsToInt -1 62 fo 0 OUTPUT  0  b11b27fd9f90eb1ec8dc095734b2039be1057210.fsi'
2020-03-30 10:11:55|  14.1|  0.0|STATS |Stored 1 feature(s) to FME feature store file `C:\Users\Matt\AppData\Local\Temp\wb-cache-Converter-KAewjk\Main_recalculateMinZ -1 57 fo 0 OUTPUT  0  7410f219737d196fce5ab0a6f4b88fdb1c41e53b.ffsupdating'
2020-03-30 10:11:55|  14.1|  0.0|INFORM|Saving spatial index into file 'C:\Users\Matt\AppData\Local\Temp\wb-cache-Converter-KAewjk\Main_recalculateMinZ -1 57 fo 0 OUTPUT  0  7410f219737d196fce5ab0a6f4b88fdb1c41e53b.fsi'
2020-03-30 10:11:55|  14.1|  0.0|INFORM|Finished saving spatial index into file 'C:\Users\Matt\AppData\Local\Temp\wb-cache-Converter-KAewjk\Main_recalculateMinZ -1 57 fo 0 OUTPUT  0  7410f219737d196fce5ab0a6f4b88fdb1c41e53b.fsi'
2020-03-30 10:11:55|  14.1|  0.0|STATS |Stored 1 feature(s) to FME feature store file `C:\Users\Matt\AppData\Local\Temp\wb-cache-Converter-KAewjk\Main_Offsetter -1 28 fo 0 OFFSET  0  91f3ded80ebb1d15e64bca33e478ec9581994645.ffsupdating'
2020-03-30 10:11:55|  14.1|  0.0|INFORM|Saving spatial index into file 'C:\Users\Matt\AppData\Local\Temp\wb-cache-Converter-KAewjk\Main_Offsetter -1 28 fo 0 OFFSET  0  91f3ded80ebb1d15e64bca33e478ec9581994645.fsi'
2020-03-30 10:11:55|  14.1|  0.0|INFORM|Finished saving spatial index into file 'C:\Users\Matt\AppData\Local\Temp\wb-cache-Converter-KAewjk\Main_Offsetter -1 28 fo 0 OFFSET  0  91f3ded80ebb1d15e64bca33e478ec9581994645.fsi'
2020-03-30 10:11:55|  14.1|  0.0|STATS |Stored 1 feature(s) to FME feature store file `C:\Users\Matt\AppData\Local\Temp\wb-cache-Converter-KAewjk\Main_setBlockId -1 82 fo 0 RESULT  0  9dc799c52a8371cc6ce1b2d3b04c33ff92eb7f45.ffsupdating'
2020-03-30 10:11:55|  14.1|  0.0|INFORM|Saving spatial index into file 'C:\Users\Matt\AppData\Local\Temp\wb-cache-Converter-KAewjk\Main_setBlockId -1 82 fo 0 RESULT  0  9dc799c52a8371cc6ce1b2d3b04c33ff92eb7f45.fsi'
2020-03-30 10:11:55|  14.1|  0.0|INFORM|Finished saving spatial index into file 'C:\Users\Matt\AppData\Local\Temp\wb-cache-Converter-KAewjk\Main_setBlockId -1 82 fo 0 RESULT  0  9dc799c52a8371cc6ce1b2d3b04c33ff92eb7f45.fsi'
2020-03-30 10:11:55|  14.1|  0.0|INFORM|=-=-=-=-=-=-=-=-=-=-=-=-=-=-=-=-=-=-=-=-=-=-=-=-=-=-=-=-=-=-=-=-=-=-=-=-=-=-=-
2020-03-30 10:11:55|  14.1|  0.0|INFORM|Feature output statistics for `MINECRAFT' writer using keyword `MINECRAFT_1':
2020-03-30 10:11:55|  14.1|  0.0|STATS |=-=-=-=-=-=-=-=-=-=-=-=-=-=-=-=-=-=-=-=-=-=-=-=-=-=-=-=-=-=-=-=-=-=-=-=-=-=-=-
2020-03-30 10:11:55|  14.1|  0.0|STATS |                               Features Written
2020-03-30 10:11:55|  14.1|  0.0|STATS |=-=-=-=-=-=-=-=-=-=-=-=-=-=-=-=-=-=-=-=-=-=-=-=-=-=-=-=-=-=-=-=-=-=-=-=-=-=-=-
2020-03-30 10:11:55|  14.1|  0.0|STATS |airplane                                                                     1
2020-03-30 10:11:55|  14.1|  0.0|STATS |==============================================================================
2020-03-30 10:11:55|  14.1|  0.0|STATS |Total Features Written                                                       1
2020-03-30 10:11:55|  14.1|  0.0|STATS |=-=-=-=-=-=-=-=-=-=-=-=-=-=-=-=-=-=-=-=-=-=-=-=-=-=-=-=-=-=-=-=-=-=-=-=-=-=-=-
2020-03-30 10:11:55|  14.1|  0.0|ERROR |A fatal error has occurred. Check the logfile above for details
2020-03-30 10:11:55|  14.1|  0.0|INFORM|Translation FAILED with 8 error(s) and 5 warning(s) (1 feature(s) output)
2020-03-30 10:11:55|  14.1|  0.0|INFORM|FME Session Duration: 16.1 seconds. (CPU: 12.7s user, 0.7s system)
2020-03-30 10:11:55|  14.1|  0.0|INFORM|END - ProcessID: 18464, peak process memory usage: 170528 kB, current process memory usage: 76680 kB
