2020-03-30 10:08:35|   0.0|  0.0|INFORM|FME 2020.0.0.0 (20200309 - Build 20200 - WIN64)
2020-03-30 10:08:35|   0.0|  0.0|INFORM|FME_HOME is 'C:\Program Files\FME\'
2020-03-30 10:08:35|   0.0|  0.0|INFORM|FME Database Edition (node locked-crc)
2020-03-30 10:08:35|   0.0|  0.0|INFORM|Serial Number: 0
2020-03-30 10:08:35|   0.0|  0.0|INFORM|Temporary License: 19 days left.
2020-03-30 10:08:35|   0.0|  0.0|INFORM|Machine host name is: LAPTOP-TOFVPK12
2020-03-30 10:08:35|   0.0|  0.0|INFORM|START - ProcessID: 12692, peak process memory usage: 34340 kB, current process memory usage: 34240 kB
2020-03-30 10:08:35|   0.0|  0.0|INFORM|FME Configuration: Command line arguments are `C:\Program Files\FME\fme.exe' `C:/Users/Matt/Documents/FME Projects/Converter\wb-xlate-1585588109726_20596' `LOG_STANDARDOUT' `YES' `LogCountServerName' `{efa482f2-e4f4-468a-80ef-4905c53fb110}'
2020-03-30 10:08:35|   0.0|  0.0|INFORM|FME Configuration: Connection Storage: 'C:\Users\Matt\AppData\Roaming\Safe Software\FME\'
2020-03-30 10:08:36|   0.7|  0.7|INFORM|Shared folders for formats are : C:\Program Files\FME\datasources;C:\Users\Matt\Documents\FME\Formats
2020-03-30 10:08:36|   0.7|  0.0|INFORM|Shared folders for transformers are : C:\Users\Matt\AppData\Roaming\Safe Software\FME\Packages\20200-win64\transformers;C:\Program Files\FME\transformers;C:\Users\Matt\AppData\Roaming\Safe Software\FME\FME Store\Transformers
2020-03-30 10:08:36|   0.7|  0.0|INFORM|Shared folders for coordinate systems are : C:\Users\Matt\Documents\FME\CoordinateSystems
2020-03-30 10:08:36|   0.7|  0.0|INFORM|Shared folders for coordinate system exceptions are : C:\Users\Matt\Documents\FME\CoordinateSystemExceptions
2020-03-30 10:08:36|   0.7|  0.0|INFORM|Shared folders for coordinate system grid overrides are : C:\Users\Matt\Documents\FME\CoordinateSystemGridOverrides
2020-03-30 10:08:36|   0.7|  0.0|INFORM|Shared folders for CS-MAP transformation exceptions are : C:\Users\Matt\Documents\FME\CsmapTransformationExceptions
2020-03-30 10:08:36|   0.7|  0.0|INFORM|Shared folders for transformer categories are : C:\Users\Matt\Documents\FME\TransformerCategories
2020-03-30 10:08:36|   0.7|  0.0|INFORM|FME Configuration: Reader Keyword is `MULTI_READER'
2020-03-30 10:08:36|   0.7|  0.0|INFORM|FME Configuration: Writer Keyword is `MULTI_WRITER'
2020-03-30 10:08:36|   0.7|  0.0|INFORM|FME Configuration: Writer Group Definition Keyword is `MULTI_WRITER_DEF'
2020-03-30 10:08:36|   0.7|  0.0|INFORM|FME Configuration: Reader type is `MULTI_READER'
2020-03-30 10:08:36|   0.7|  0.0|INFORM|FME Configuration: Writer type is `MULTI_WRITER'
2020-03-30 10:08:36|   0.7|  0.0|INFORM|FME Configuration: No destination coordinate system set
2020-03-30 10:08:36|   0.7|  0.0|INFORM|FME Configuration: Current working folder is `C:\Users\Matt\Documents\FME Projects\Converter'
2020-03-30 10:08:36|   0.7|  0.0|INFORM|FME Configuration: Temporary folder is `C:\Users\Matt\AppData\Local\Temp', set from environment variable `TEMP'
2020-03-30 10:08:36|   0.7|  0.0|INFORM|FME Configuration: FME_HOME is `C:\Program Files\FME\'
2020-03-30 10:08:36|   0.7|  0.0|INFORM|FME Configuration: FME_BASE is 'no'
2020-03-30 10:08:36|   0.7|  0.0|INFORM|FME Configuration: FME_MF_DIR is 'C:\Users\Matt\Documents\FME Projects\Converter/'
2020-03-30 10:08:36|   0.7|  0.0|INFORM|FME Configuration: FME_MF_NAME is 'objToPointCloudXYZ.fmw'
2020-03-30 10:08:36|   0.7|  0.0|INFORM|FME Configuration: FME_PRODUCT_NAME is 'FME(R) 2020.0.0.0'
2020-03-30 10:08:36|   0.7|  0.0|INFORM|System Status: 659.58 GB of disk space available in the FME temporary folder (C:\Users\Matt\AppData\Local\Temp)
2020-03-30 10:08:36|   0.7|  0.0|INFORM|System Status: 7.92 GB of physical memory available
2020-03-30 10:08:36|   0.7|  0.0|INFORM|System Status: 31.68 GB of virtual memory available
2020-03-30 10:08:36|   0.7|  0.0|INFORM|Operating System: Microsoft Windows 10 64-bit  (Build 18362)
2020-03-30 10:08:36|   0.7|  0.0|INFORM|FME Platform: WIN64
2020-03-30 10:08:36|   0.7|  0.0|INFORM|Locale: en_US
2020-03-30 10:08:36|   0.7|  0.0|INFORM|System Encoding: windows-1252
2020-03-30 10:08:36|   0.7|  0.0|INFORM|FME Configuration: Start freeing memory when the process exceeds 23.76 GB
2020-03-30 10:08:36|   0.7|  0.0|INFORM|FME Configuration: Stop freeing memory when the process is below 17.82 GB
2020-03-30 10:08:36|   0.8|  0.0|INFORM|Creating writer for format: 
2020-03-30 10:08:36|   0.8|  0.0|INFORM|Creating reader for format: 
2020-03-30 10:08:36|   0.8|  0.0|INFORM|MULTI_READER(MULTI_READER): Will fail with first member reader failure
2020-03-30 10:08:36|   0.8|  0.0|INFORM|MULTI_READER(MULTI_READER): Adding OBJ Reader with keyword OBJ_1
2020-03-30 10:08:36|   0.8|  0.0|INFORM|Using Multi Reader with keyword `MULTI_READER' to read multiple datasets
2020-03-30 10:08:36|   0.8|  0.0|INFORM|Creating reader for format: OBJ 
2020-03-30 10:08:36|   0.8|  0.0|INFORM|Trying to find a DYNAMIC plugin for reader named `OBJ'
2020-03-30 10:08:36|   0.8|  0.0|INFORM|Loaded module 'OBJ' from file 'C:\Program Files\FME\plugins/obj/obj.dll'
2020-03-30 10:08:36|   0.8|  0.0|INFORM|FME API version of module 'OBJ' matches current internal version (3.8 20200115)
2020-03-30 10:08:36|   0.8|  0.0|INFORM|OBJ Reader: Reverse Face Order: 'No'
2020-03-30 10:08:36|   0.8|  0.0|INFORM|OBJ Reader: Reading in Variable FeatureType mode
2020-03-30 10:08:36|   0.8|  0.0|INFORM|OBJ Reader: Opening Dataset: 'C:\Users\Matt\Documents\FME Projects\Converter\aerospaceMuseumAirplane.obj'
2020-03-30 10:08:36|   0.8|  0.0|INFORM|Using MultiWriter with keyword `MULTI_WRITER' to output data (ID_ATTRIBUTE is `multi_writer_id')
2020-03-30 10:08:36|   0.8|  0.0|INFORM|Writer output will be ordered by value of multi_writer_id
2020-03-30 10:08:36|   0.8|  0.0|INFORM|Loaded module 'LogCount_func' from file 'C:\Program Files\FME\plugins/LogCount_func.dll'
2020-03-30 10:08:36|   0.8|  0.0|INFORM|FME API version of module 'LogCount_func' matches current internal version (3.8 20200115)
2020-03-30 10:08:36|   0.8|  0.0|INFORM|Loaded module 'VectorToPointCloudFactory' from file 'C:\Program Files\FME\plugins/VectorToPointCloudFactory.dll'
2020-03-30 10:08:36|   0.8|  0.0|INFORM|FME API version of module 'VectorToPointCloudFactory' matches current internal version (3.8 20200115)
2020-03-30 10:08:36|   0.8|  0.0|INFORM|Loaded module 'PointCloudCombinerFactory' from file 'C:\Program Files\FME\plugins/PointCloudCombinerFactory.dll'
2020-03-30 10:08:36|   0.8|  0.0|INFORM|FME API version of module 'PointCloudCombinerFactory' matches current internal version (3.8 20200115)
2020-03-30 10:08:41|   4.5|  3.6|INFORM|OBJ Reader: 90000 geometry elements processed 
2020-03-30 10:08:48|  11.1|  6.7|STATS |Storing feature(s) to FME feature store file `C:\Users\Matt\AppData\Local\Temp\wb-cache--sXuMJb\Main_aerospaceMuseumAirplane -1 2 -1  0  dc638b6d00868747ae2c90471fd87d95d15298d4.ffsupdating'
2020-03-30 10:09:07|  27.9| 16.8|INFORM|OBJ Reader: Closing File Reader
2020-03-30 10:09:07|  28.0|  0.1|INFORM|MULTI_READER(MULTI_READER): Done reading 1 features from 1 readers
2020-03-30 10:09:07|  28.0|  0.0|INFORM|Emptying factory pipeline
2020-03-30 10:09:07|  28.0|  0.0|STATS |Router and Unexpected Input Remover (RoutingFactory): Tested 1 input feature(s), wrote 1 output feature(s): 1 matched merge filters, 1 were routed to output, 0 could not be routed.
2020-03-30 10:09:07|  28.0|  0.0|STATS |Unexpected Input Remover Nuker (TeeFactory): Cloned 0 input feature(s) into 0 output feature(s)
2020-03-30 10:09:07|  28.0|  0.0|STATS |aerospaceMuseumAirplane(OBJ_1) Splitter (TeeFactory): Cloned 1 input feature(s) into 1 output feature(s)
2020-03-30 10:09:07|  28.0|  0.0|STATS |aerospaceMuseumAirplane_OBJ_1 Feature Counter -1 4 (TeeFactory): Cloned 1 input feature(s) into 1 output feature(s)
2020-03-30 10:09:07|  28.0|  0.0|STATS |Storing feature(s) to FME feature store file `C:\Users\Matt\AppData\Local\Temp\wb-cache--sXuMJb\Main_PointCloudCombiner -1 3 fo 0 OUTPUT  0  b8a8580b8a3e6740f6f3ddab6d9e102adca5cba0.ffsupdating'
2020-03-30 10:09:07|  28.0|  0.0|INFORM|FFS writer: Writing point cloud with 531401 point(s) to file 'C:\Users\Matt\AppData\Local\Temp\wb-cache--sXuMJb\Main_PointCloudCombiner -1 3 fo 0 OUTPUT  0  b8a8580b8a3e6740f6f3ddab6d9e102adca5cba0.fps'
2020-03-30 10:09:07|  28.1|  0.1|INFORM|Creating writer for format: Point Cloud XYZ
2020-03-30 10:09:07|  28.1|  0.0|INFORM|Trying to find a DYNAMIC plugin for writer named `POINTCLOUDXYZ'
2020-03-30 10:09:07|  28.1|  0.0|INFORM|Loaded module 'POINTCLOUDXYZ' from file 'C:\Program Files\FME\plugins/POINTCLOUDXYZ.dll'
2020-03-30 10:09:07|  28.1|  0.0|INFORM|FME API version of module 'POINTCLOUDXYZ' matches current internal version (3.8 20200115)
2020-03-30 10:09:07|  28.1|  0.0|INFORM|FME Configuration: No destination coordinate system set
2020-03-30 10:09:07|  28.1|  0.0|INFORM|FME API version of module 'POINTCLOUDXYZ' matches current internal version (3.8 20200115)
2020-03-30 10:09:07|  28.1|  0.0|INFORM|Writer `POINTCLOUDXYZ_1' of type `POINTCLOUDXYZ' using group definition keyword `POINTCLOUDXYZ_1_DEF'
2020-03-30 10:09:07|  28.1|  0.0|INFORM|FME API version of module 'POINTCLOUDXYZ' matches current internal version (3.8 20200115)
2020-03-30 10:09:07|  28.1|  0.0|INFORM|POINTCLOUDXYZ writer: Directive '_WRITE_UTF8_BOM' has the value 'yes'
2020-03-30 10:09:07|  28.1|  0.0|INFORM|POINTCLOUDXYZ writer: Directive '_INCLUDE_FIELD_NAME' has the value 'yes'
2020-03-30 10:09:07|  28.1|  0.0|INFORM|POINTCLOUDXYZ writer: Directive '_EXTENSION' has the value 'csv'
2020-03-30 10:09:07|  28.1|  0.0|INFORM|POINTCLOUDXYZ writer: Directive '_SEPARATOR' has the value 'space'
2020-03-30 10:09:07|  28.1|  0.0|INFORM|POINTCLOUDXYZ writer: Directive '_END_OF_LINE' has the value 'System'
2020-03-30 10:09:07|  28.1|  0.0|INFORM|POINTCLOUDXYZ writer: Directive '_ENCODING' has the value '%3'
2020-03-30 10:09:07|  28.1|  0.0|INFORM|POINTCLOUDXYZ writer: Directive '_QUOTE_FIELD_NAMES' has the value 'if_needed'
2020-03-30 10:09:07|  28.1|  0.0|INFORM|POINTCLOUDXYZ writer: Directive '_QUOTE_OUTPUT' has the value 'if_needed'
2020-03-30 10:09:07|  28.1|  0.0|INFORM|POINTCLOUDXYZ writer: Directive '_APPEND' has the value 'No'
2020-03-30 10:09:07|  28.1|  0.0|INFORM|POINTCLOUDXYZ writer: Directive '_COLUMN_TO_PCCOMPONENT' has the value 'x,x,y,y,z,z,color_red,r,color_green,g,color_blue,b,intensity,a'
2020-03-30 10:09:07|  28.1|  0.0|INFORM|POINTCLOUDXYZ writer: Converting component 'x' from type 'Real64' to 'String'.  If this conversion is undesired, consider changing the type explicitly
2020-03-30 10:09:07|  28.1|  0.0|INFORM|POINTCLOUDXYZ writer: Converting component 'y' from type 'Real64' to 'String'.  If this conversion is undesired, consider changing the type explicitly
2020-03-30 10:09:07|  28.1|  0.0|INFORM|POINTCLOUDXYZ writer: Converting component 'z' from type 'Real64' to 'String'.  If this conversion is undesired, consider changing the type explicitly
2020-03-30 10:09:07|  28.1|  0.0|INFORM|POINTCLOUDXYZ writer: The following components will be generated with default values because they are required but not present on the point cloud: color_red, color_green, color_blue, intensity
2020-03-30 10:09:07|  28.2|  0.0|INFORM|POINTCLOUDXYZ writer: Writing point cloud with 531401 point(s) to file 'C:\Users\Matt\Documents\FME Projects\Converter\converted\aerospaceMuseumAirplane.csv'
2020-03-30 10:09:10|  30.2|  2.0|STATS |Stored 1 feature(s) to FME feature store file `C:\Users\Matt\AppData\Local\Temp\wb-cache--sXuMJb\Main_aerospaceMuseumAirplane -1 2 -1  0  dc638b6d00868747ae2c90471fd87d95d15298d4.ffsupdating'
2020-03-30 10:09:10|  30.2|  0.0|INFORM|Saving spatial index into file 'C:\Users\Matt\AppData\Local\Temp\wb-cache--sXuMJb\Main_aerospaceMuseumAirplane -1 2 -1  0  dc638b6d00868747ae2c90471fd87d95d15298d4.fsi'
2020-03-30 10:09:10|  30.2|  0.0|INFORM|Finished saving spatial index into file 'C:\Users\Matt\AppData\Local\Temp\wb-cache--sXuMJb\Main_aerospaceMuseumAirplane -1 2 -1  0  dc638b6d00868747ae2c90471fd87d95d15298d4.fsi'
2020-03-30 10:09:10|  30.2|  0.0|STATS |Stored 1 feature(s) to FME feature store file `C:\Users\Matt\AppData\Local\Temp\wb-cache--sXuMJb\Main_PointCloudCombiner -1 3 fo 0 OUTPUT  0  b8a8580b8a3e6740f6f3ddab6d9e102adca5cba0.ffsupdating'
2020-03-30 10:09:10|  30.2|  0.0|INFORM|Saving spatial index into file 'C:\Users\Matt\AppData\Local\Temp\wb-cache--sXuMJb\Main_PointCloudCombiner -1 3 fo 0 OUTPUT  0  b8a8580b8a3e6740f6f3ddab6d9e102adca5cba0.fsi'
2020-03-30 10:09:10|  30.2|  0.0|INFORM|Finished saving spatial index into file 'C:\Users\Matt\AppData\Local\Temp\wb-cache--sXuMJb\Main_PointCloudCombiner -1 3 fo 0 OUTPUT  0  b8a8580b8a3e6740f6f3ddab6d9e102adca5cba0.fsi'
2020-03-30 10:09:10|  30.2|  0.0|STATS |PointCloudCombiner_OUTPUT Feature Counter -1 6 (TeeFactory): Cloned 1 input feature(s) into 1 output feature(s)
2020-03-30 10:09:10|  30.2|  0.0|STATS |PointCloudCombiner_<REJECTED> Feature Counter -1 2147680259 (TeeFactory): Cloned 0 input feature(s) into 0 output feature(s)
2020-03-30 10:09:10|  30.2|  0.0|STATS |PointCloudCombiner_<Rejected> (TeeFactory): Cloned 0 input feature(s) into 0 output feature(s)
2020-03-30 10:09:10|  30.2|  0.0|STATS |Destination Feature Type Routing Correlator (RoutingFactory): Tested 1 input feature(s), wrote 1 output feature(s): 0 matched merge filters, 1 were routed to output, 0 could not be routed.
2020-03-30 10:09:10|  30.2|  0.0|STATS |Final Output Nuker (TeeFactory): Cloned 0 input feature(s) into 0 output feature(s)
2020-03-30 10:09:10|  30.2|  0.0|INFORM|=-=-=-=-=-=-=-=-=-=-=-=-=-=-=-=-=-=-=-=-=-=-=-=-=-=-=-=-=-=-=-=-=-=-=-=-=-=-=-
2020-03-30 10:09:10|  30.2|  0.0|INFORM|Feature output statistics for `POINTCLOUDXYZ' writer using keyword `POINTCLOUDXYZ_1':
2020-03-30 10:09:10|  30.2|  0.0|STATS |=-=-=-=-=-=-=-=-=-=-=-=-=-=-=-=-=-=-=-=-=-=-=-=-=-=-=-=-=-=-=-=-=-=-=-=-=-=-=-
2020-03-30 10:09:10|  30.2|  0.0|STATS |                               Features Written
2020-03-30 10:09:10|  30.2|  0.0|STATS |=-=-=-=-=-=-=-=-=-=-=-=-=-=-=-=-=-=-=-=-=-=-=-=-=-=-=-=-=-=-=-=-=-=-=-=-=-=-=-
2020-03-30 10:09:10|  30.2|  0.0|STATS |aerospaceMuseumAirplane                                                      1
2020-03-30 10:09:10|  30.2|  0.0|STATS |==============================================================================
2020-03-30 10:09:10|  30.2|  0.0|STATS |Total Features Written                                                       1
2020-03-30 10:09:10|  30.2|  0.0|STATS |=-=-=-=-=-=-=-=-=-=-=-=-=-=-=-=-=-=-=-=-=-=-=-=-=-=-=-=-=-=-=-=-=-=-=-=-=-=-=-
2020-03-30 10:09:10|  30.2|  0.0|STATS |=-=-=-=-=-=-=-=-=-=-=-=-=-=-=-=-=-=-=-=-=-=-=-=-=-=-=-=-=-=-=-=-=-=-=-=-=-=-=-
2020-03-30 10:09:10|  30.2|  0.0|STATS |                            Features Read Summary
2020-03-30 10:09:10|  30.2|  0.0|STATS |=-=-=-=-=-=-=-=-=-=-=-=-=-=-=-=-=-=-=-=-=-=-=-=-=-=-=-=-=-=-=-=-=-=-=-=-=-=-=-
2020-03-30 10:09:10|  30.2|  0.0|STATS |aerospaceMuseumAirplane                                                      1
2020-03-30 10:09:10|  30.2|  0.0|STATS |==============================================================================
2020-03-30 10:09:10|  30.2|  0.0|STATS |Total Features Read                                                          1
2020-03-30 10:09:10|  30.2|  0.0|STATS |=-=-=-=-=-=-=-=-=-=-=-=-=-=-=-=-=-=-=-=-=-=-=-=-=-=-=-=-=-=-=-=-=-=-=-=-=-=-=-
2020-03-30 10:09:10|  30.2|  0.0|STATS |=-=-=-=-=-=-=-=-=-=-=-=-=-=-=-=-=-=-=-=-=-=-=-=-=-=-=-=-=-=-=-=-=-=-=-=-=-=-=-
2020-03-30 10:09:10|  30.2|  0.0|STATS |                           Features Written Summary
2020-03-30 10:09:10|  30.2|  0.0|STATS |=-=-=-=-=-=-=-=-=-=-=-=-=-=-=-=-=-=-=-=-=-=-=-=-=-=-=-=-=-=-=-=-=-=-=-=-=-=-=-
2020-03-30 10:09:10|  30.2|  0.0|STATS |aerospaceMuseumAirplane                                                      1
2020-03-30 10:09:10|  30.2|  0.0|STATS |==============================================================================
2020-03-30 10:09:10|  30.2|  0.0|STATS |Total Features Written                                                       1
2020-03-30 10:09:10|  30.2|  0.0|STATS |=-=-=-=-=-=-=-=-=-=-=-=-=-=-=-=-=-=-=-=-=-=-=-=-=-=-=-=-=-=-=-=-=-=-=-=-=-=-=-
2020-03-30 10:09:10|  30.2|  0.0|WARN  |-~-~-~-~-~-~-~-~-~-~-~-~-~-~-~-~-~-~-~-~-~-~-~-~-~-~-~-~-~-~-~-~-~-~-~-~-~-~-~-~-
2020-03-30 10:09:10|  30.2|  0.0|WARN  |-~                                                                             ~-
2020-03-30 10:09:10|  30.2|  0.0|WARN  |-~    Feature caches have been recorded at every stage of the translation.     ~-
2020-03-30 10:09:10|  30.2|  0.0|WARN  |-~                      To inspect the recorded features,                      ~-
2020-03-30 10:09:10|  30.2|  0.0|WARN  |-~              click the feature cache icons next to the ports.               ~-
2020-03-30 10:09:10|  30.2|  0.0|WARN  |-~                                                                             ~-
2020-03-30 10:09:10|  30.2|  0.0|WARN  |-~-~-~-~-~-~-~-~-~-~-~-~-~-~-~-~-~-~-~-~-~-~-~-~-~-~-~-~-~-~-~-~-~-~-~-~-~-~-~-~-
2020-03-30 10:09:10|  30.2|  0.0|INFORM|Translation was SUCCESSFUL with 7 warning(s) (1 feature(s) output)
2020-03-30 10:09:10|  30.2|  0.0|INFORM|FME Session Duration: 34.7 seconds. (CPU: 28.2s user, 1.5s system)
2020-03-30 10:09:10|  30.2|  0.0|INFORM|END - ProcessID: 12692, peak process memory usage: 464684 kB, current process memory usage: 55524 kB
