2020-03-31 08:42:38|   0.1|  0.1|INFORM|FME 2020.0.0.0 (20200309 - Build 20200 - WIN64)
2020-03-31 08:42:38|   0.1|  0.0|INFORM|FME_HOME is 'C:\Program Files\FME\'
2020-03-31 08:42:38|   0.1|  0.0|INFORM|FME Database Edition (node locked-crc)
2020-03-31 08:42:38|   0.1|  0.0|INFORM|Serial Number: 0
2020-03-31 08:42:38|   0.1|  0.0|INFORM|Temporary License: 18 days left.
2020-03-31 08:42:38|   0.1|  0.0|INFORM|Machine host name is: LAPTOP-TOFVPK12
2020-03-31 08:42:38|   0.1|  0.0|INFORM|START - ProcessID: 12544, peak process memory usage: 34776 kB, current process memory usage: 34668 kB
2020-03-31 08:42:38|   0.1|  0.0|INFORM|FME Configuration: Command line arguments are `C:\Program Files\FME\fme.exe' `C:/Users/Matt/Documents/FME Projects/Converter\wb-xlate-1585669356157_18340' `LOG_STANDARDOUT' `YES' `LogCountServerName' `{c7eb01d0-3c7b-4224-a47f-66b3526d2297}'
2020-03-31 08:42:38|   0.1|  0.0|INFORM|FME Configuration: Connection Storage: 'C:\Users\Matt\AppData\Roaming\Safe Software\FME\'
2020-03-31 08:42:39|   0.8|  0.7|INFORM|Shared folders for formats are : C:\Program Files\FME\datasources;C:\Users\Matt\Documents\FME\Formats
2020-03-31 08:42:39|   0.8|  0.0|INFORM|Shared folders for transformers are : C:\Users\Matt\AppData\Roaming\Safe Software\FME\Packages\20200-win64\transformers;C:\Program Files\FME\transformers;C:\Users\Matt\AppData\Roaming\Safe Software\FME\FME Store\Transformers
2020-03-31 08:42:39|   0.8|  0.0|INFORM|Shared folders for coordinate systems are : C:\Users\Matt\Documents\FME\CoordinateSystems
2020-03-31 08:42:39|   0.8|  0.0|INFORM|Shared folders for coordinate system exceptions are : C:\Users\Matt\Documents\FME\CoordinateSystemExceptions
2020-03-31 08:42:39|   0.8|  0.0|INFORM|Shared folders for coordinate system grid overrides are : C:\Users\Matt\Documents\FME\CoordinateSystemGridOverrides
2020-03-31 08:42:39|   0.8|  0.0|INFORM|Shared folders for CS-MAP transformation exceptions are : C:\Users\Matt\Documents\FME\CsmapTransformationExceptions
2020-03-31 08:42:39|   0.8|  0.0|INFORM|Shared folders for transformer categories are : C:\Users\Matt\Documents\FME\TransformerCategories
2020-03-31 08:42:39|   0.8|  0.0|INFORM|FME Configuration: Reader Keyword is `MULTI_READER'
2020-03-31 08:42:39|   0.8|  0.0|INFORM|FME Configuration: Writer Keyword is `MULTI_WRITER'
2020-03-31 08:42:39|   0.8|  0.0|INFORM|FME Configuration: Writer Group Definition Keyword is `MULTI_WRITER_DEF'
2020-03-31 08:42:39|   0.8|  0.0|INFORM|FME Configuration: Reader type is `MULTI_READER'
2020-03-31 08:42:39|   0.8|  0.0|INFORM|FME Configuration: Writer type is `MULTI_WRITER'
2020-03-31 08:42:39|   0.8|  0.0|INFORM|FME Configuration: No destination coordinate system set
2020-03-31 08:42:39|   0.8|  0.0|INFORM|FME Configuration: Current working folder is `C:\Users\Matt\Documents\FME Projects\Converter'
2020-03-31 08:42:39|   0.8|  0.0|INFORM|FME Configuration: Temporary folder is `C:\Users\Matt\AppData\Local\Temp', set from environment variable `TEMP'
2020-03-31 08:42:39|   0.8|  0.0|INFORM|FME Configuration: FME_HOME is `C:\Program Files\FME\'
2020-03-31 08:42:39|   0.8|  0.0|INFORM|FME Configuration: FME_BASE is 'no'
2020-03-31 08:42:39|   0.8|  0.0|INFORM|FME Configuration: FME_MF_DIR is 'C:\Users\Matt\Documents\FME Projects\Converter/'
2020-03-31 08:42:39|   0.8|  0.0|INFORM|FME Configuration: FME_MF_NAME is 'revitNativeToPointCloudXYZ.fmw'
2020-03-31 08:42:39|   0.8|  0.0|INFORM|FME Configuration: FME_PRODUCT_NAME is 'FME(R) 2020.0.0.0'
2020-03-31 08:42:39|   0.8|  0.0|INFORM|System Status: 666.27 GB of disk space available in the FME temporary folder (C:\Users\Matt\AppData\Local\Temp)
2020-03-31 08:42:39|   0.8|  0.0|INFORM|System Status: 7.92 GB of physical memory available
2020-03-31 08:42:39|   0.8|  0.0|INFORM|System Status: 31.68 GB of virtual memory available
2020-03-31 08:42:39|   0.8|  0.0|INFORM|Operating System: Microsoft Windows 10 64-bit  (Build 18362)
2020-03-31 08:42:39|   0.8|  0.0|INFORM|FME Platform: WIN64
2020-03-31 08:42:39|   0.8|  0.0|INFORM|Locale: en_US
2020-03-31 08:42:39|   0.8|  0.0|INFORM|System Encoding: windows-1252
2020-03-31 08:42:39|   0.8|  0.0|INFORM|FME Configuration: Start freeing memory when the process exceeds 23.76 GB
2020-03-31 08:42:39|   0.8|  0.0|INFORM|FME Configuration: Stop freeing memory when the process is below 17.82 GB
2020-03-31 08:42:39|   0.9|  0.0|INFORM|Creating writer for format: 
2020-03-31 08:42:39|   0.9|  0.0|INFORM|Creating reader for format: 
2020-03-31 08:42:39|   0.9|  0.0|INFORM|MULTI_READER(MULTI_READER): Will fail with first member reader failure
2020-03-31 08:42:39|   0.9|  0.0|INFORM|MULTI_READER(MULTI_READER): Adding REVITNATIVE Reader with keyword REVITNATIVE_1
2020-03-31 08:42:39|   0.9|  0.0|INFORM|Using Multi Reader with keyword `MULTI_READER' to read multiple datasets
2020-03-31 08:42:39|   0.9|  0.0|INFORM|Creating reader for format: Autodesk Revit (Tech Preview)
2020-03-31 08:42:39|   0.9|  0.0|INFORM|Trying to find a DYNAMIC plugin for reader named `REVITNATIVE'
2020-03-31 08:42:39|   1.0|  0.1|INFORM|Loaded module 'REVITNATIVE' from file 'C:\Program Files\FME\plugins/acad/revitnative.dll'
2020-03-31 08:42:39|   1.0|  0.0|INFORM|FME API version of module 'REVITNATIVE' matches current internal version (3.8 20200115)
2020-03-31 08:42:39|   1.0|  0.0|INFORM|Revit Native Reader: Opening dataset 'C:\Users\Matt\Documents\FME Projects\Converter\DESGN100_Sample.rvt'
2020-03-31 08:42:45|   6.7|  5.7|INFORM|REVITNATIVE reader: Building features into bulk mode features
2020-03-31 08:42:45|   6.7|  0.0|INFORM|Using MultiWriter with keyword `MULTI_WRITER' to output data (ID_ATTRIBUTE is `multi_writer_id')
2020-03-31 08:42:45|   6.7|  0.0|INFORM|Writer output will be ordered by value of multi_writer_id
2020-03-31 08:42:45|   6.7|  0.0|INFORM|Loaded module 'LogCount_func' from file 'C:\Program Files\FME\plugins/LogCount_func.dll'
2020-03-31 08:42:45|   6.7|  0.0|INFORM|FME API version of module 'LogCount_func' matches current internal version (3.8 20200115)
2020-03-31 08:42:45|   6.7|  0.0|INFORM|Loaded module 'VectorToPointCloudFactory' from file 'C:\Program Files\FME\plugins/VectorToPointCloudFactory.dll'
2020-03-31 08:42:45|   6.7|  0.0|INFORM|FME API version of module 'VectorToPointCloudFactory' matches current internal version (3.8 20200115)
2020-03-31 08:42:45|   6.7|  0.0|INFORM|Loaded module 'PointCloudCombinerFactory' from file 'C:\Program Files\FME\plugins/PointCloudCombinerFactory.dll'
2020-03-31 08:42:45|   6.7|  0.0|INFORM|FME API version of module 'PointCloudCombinerFactory' matches current internal version (3.8 20200115)
2020-03-31 08:42:45|   6.7|  0.0|WARN  |Revit Native Reader: No view specified. Continuing to read with view '{3D} (3D View)'
2020-03-31 08:42:45|   6.8|  0.0|STATS |Storing feature(s) to FME feature store file `C:\Users\Matt\AppData\Local\Temp\wb-cache--BYyaxo\Main_Metadata.FileInformation -1 2 -1  0  80e6ebe428f23054af46f324c1733ace3d577d8a.ffsupdating'
2020-03-31 08:42:45|   6.8|  0.0|INFORM|FFS writer: Writing 1 feature(s) to file 'C:\Users\Matt\AppData\Local\Temp\wb-cache--BYyaxo\Main_Metadata.FileInformation -1 2 -1  0  80e6ebe428f23054af46f324c1733ace3d577d8a.fts'
2020-03-31 08:42:45|   6.8|  0.0|INFORM|PointCloudCombiner___VectorMerger (VectorToPointCloudFactory): Splitting bulk mode features into features
2020-03-31 08:42:45|   6.8|  0.0|STATS |Storing feature(s) to FME feature store file `C:\Users\Matt\AppData\Local\Temp\wb-cache--BYyaxo\Main_PointCloudCombiner -1 15 fo 1 _lt_REJECTED_gt_  1  a0f5bf90f99e5098efba58bf9022fde2b5af7901.ffsupdating'
2020-03-31 08:42:45|   6.9|  0.0|FATAL |The below feature caused the translation to be terminated
2020-03-31 08:42:45|   6.9|  0.0|STATS |Storing feature(s) to FME feature store file `C:\Users\Matt\Documents\FME Projects\Converter\revitNativeToPointCloudXYZ_log.ffs'
2020-03-31 08:42:45|   6.9|  0.0|INFORM|+++++++++++++++++++++++++++++++++++++++++++++++++++++++++++++++++++++++++++
2020-03-31 08:42:45|   6.9|  0.0|INFORM|Feature Type: `FEATURE_TYPE'
2020-03-31 08:42:45|   6.9|  0.0|INFORM|Attribute(string)        : `AuthorUsername' has value `'
2020-03-31 08:42:45|   6.9|  0.0|INFORM|Attribute(string)        : `CentralModelPath' has value `'
2020-03-31 08:42:45|   6.9|  0.0|INFORM|Attribute(string)        : `CreatedBy' has value `Autodesk Revit'
2020-03-31 08:42:45|   6.9|  0.0|INFORM|Attribute(string)        : `DocUpdate' has value `20200331153139'
2020-03-31 08:42:45|   6.9|  0.0|INFORM|Attribute(string)        : `DocVer' has value `20190327_2315(x64)'
2020-03-31 08:42:45|   6.9|  0.0|INFORM|Attribute(boolean)       : `IsCentralModel' has value `No'
2020-03-31 08:42:45|   6.9|  0.0|INFORM|Attribute(boolean)       : `IsCreatedLocally' has value `No'
2020-03-31 08:42:45|   6.9|  0.0|INFORM|Attribute(64 bit real)   : `LevelElevationInfo.Level 1' has value `0'
2020-03-31 08:42:45|   6.9|  0.0|INFORM|Attribute(64 bit real)   : `LevelElevationInfo.Level 2' has value `8'
2020-03-31 08:42:45|   6.9|  0.0|INFORM|Attribute(encoded: UTF-8): `Other.ClientName' has value `Owner'
2020-03-31 08:42:45|   6.9|  0.0|INFORM|Attribute(encoded: UTF-8): `Other.ProjectAddress' has value `Enter address here'
2020-03-31 08:42:45|   6.9|  0.0|INFORM|Attribute(encoded: UTF-8): `Other.ProjectIssueDate' has value `Issue Date'
2020-03-31 08:42:45|   6.9|  0.0|INFORM|Attribute(encoded: UTF-8): `Other.ProjectName' has value `Project Name'
2020-03-31 08:42:45|   6.9|  0.0|INFORM|Attribute(encoded: UTF-8): `Other.ProjectNumber' has value `Project Number'
2020-03-31 08:42:45|   6.9|  0.0|INFORM|Attribute(encoded: UTF-8): `Other.ProjectStatus' has value `Project Status'
2020-03-31 08:42:45|   6.9|  0.0|INFORM|Attribute(string)        : `fme_feature_type' has value `Metadata.FileInformation'
2020-03-31 08:42:45|   6.9|  0.0|INFORM|Attribute(string)        : `fme_geometry' has value `fme_undefined'
2020-03-31 08:42:45|   6.9|  0.0|INFORM|Attribute(string)        : `fme_rejection_code' has value `INVALID_GEOMETRY_NONSPATIAL'
2020-03-31 08:42:45|   6.9|  0.0|INFORM|Attribute(string)        : `fme_rejection_message' has value `The first feature received was non-spatial and no attributes were set to preserve as components.  Please ensure the first feature has geometry, or that at least one attribute will be preserved as a component'
2020-03-31 08:42:45|   6.9|  0.0|INFORM|Attribute(string)        : `fme_type' has value `fme_no_geom'
2020-03-31 08:42:45|   6.9|  0.0|INFORM|Attribute(32 bit integer): `multi_reader_full_id' has value `0'
2020-03-31 08:42:45|   6.9|  0.0|INFORM|Attribute(32 bit integer): `multi_reader_id' has value `0'
2020-03-31 08:42:45|   6.9|  0.0|INFORM|Attribute(string)        : `multi_reader_keyword' has value `REVITNATIVE_1'
2020-03-31 08:42:45|   6.9|  0.0|INFORM|Attribute(string)        : `multi_reader_type' has value `REVITNATIVE'
2020-03-31 08:42:45|   6.9|  0.0|INFORM|Coordinate System: `'
2020-03-31 08:42:45|   6.9|  0.0|INFORM|Geometry Type: IFMENull
2020-03-31 08:42:45|   6.9|  0.0|INFORM|===========================================================================
2020-03-31 08:42:45|   6.9|  0.0|ERROR |PointCloudCombiner_<Rejected> (TeeFactory): PointCloudCombiner_<Rejected>: Termination Message: 'PointCloudCombiner output a <Rejected> feature.  To continue translation when features are rejected, change 'Workspace Parameters' > Translation > 'Rejected Feature Handling' to 'Continue Translation''
2020-03-31 08:42:45|   6.9|  0.0|ERROR |PointCloudCombiner_<Rejected>: Termination Message: 'PointCloudCombiner output a <Rejected> feature.  To continue translation when features are rejected, change 'Workspace Parameters' > Translation > 'Rejected Feature Handling' to 'Continue Translation''
2020-03-31 08:42:45|   6.9|  0.0|STATS |Stored 1 feature(s) to FME feature store file `C:\Users\Matt\AppData\Local\Temp\wb-cache--BYyaxo\Main_Metadata.FileInformation -1 2 -1  0  80e6ebe428f23054af46f324c1733ace3d577d8a.ffsupdating'
2020-03-31 08:42:45|   6.9|  0.0|INFORM|Saving spatial index into file 'C:\Users\Matt\AppData\Local\Temp\wb-cache--BYyaxo\Main_Metadata.FileInformation -1 2 -1  0  80e6ebe428f23054af46f324c1733ace3d577d8a.fsi'
2020-03-31 08:42:45|   6.9|  0.0|INFORM|Finished saving spatial index into file 'C:\Users\Matt\AppData\Local\Temp\wb-cache--BYyaxo\Main_Metadata.FileInformation -1 2 -1  0  80e6ebe428f23054af46f324c1733ace3d577d8a.fsi'
2020-03-31 08:42:45|   6.9|  0.0|STATS |Stored 1 feature(s) to FME feature store file `C:\Users\Matt\AppData\Local\Temp\wb-cache--BYyaxo\Main_PointCloudCombiner -1 15 fo 1 _lt_REJECTED_gt_  1  a0f5bf90f99e5098efba58bf9022fde2b5af7901.ffsupdating'
2020-03-31 08:42:45|   6.9|  0.0|INFORM|Saving spatial index into file 'C:\Users\Matt\AppData\Local\Temp\wb-cache--BYyaxo\Main_PointCloudCombiner -1 15 fo 1 _lt_REJECTED_gt_  1  a0f5bf90f99e5098efba58bf9022fde2b5af7901.fsi'
2020-03-31 08:42:45|   6.9|  0.0|INFORM|Finished saving spatial index into file 'C:\Users\Matt\AppData\Local\Temp\wb-cache--BYyaxo\Main_PointCloudCombiner -1 15 fo 1 _lt_REJECTED_gt_  1  a0f5bf90f99e5098efba58bf9022fde2b5af7901.fsi'
2020-03-31 08:42:46|   7.2|  0.3|ERROR |A fatal error has occurred. Check the logfile above for details
2020-03-31 08:42:46|   7.2|  0.0|INFORM|Translation FAILED with 4 error(s) and 1 warning(s) (0 feature(s) output)
2020-03-31 08:42:46|   7.2|  0.0|STATS |Stored 1 feature(s) to FME feature store file `C:\Users\Matt\Documents\FME Projects\Converter\revitNativeToPointCloudXYZ_log.ffs'
2020-03-31 08:42:46|   7.2|  0.0|INFORM|FME Session Duration: 7.5 seconds. (CPU: 5.8s user, 0.4s system)
2020-03-31 08:42:46|   7.2|  0.0|INFORM|END - ProcessID: 12544, peak process memory usage: 337224 kB, current process memory usage: 88864 kB
